[debug] [2021-11-16T06:38:02.484Z] ----------------------------------------------------------------------
[debug] [2021-11-16T06:38:02.487Z] Command:       C:\Program Files\nodejs\node.exe C:\Users\meu pc\AppData\Roaming\npm\node_modules\firebase-tools\lib\bin\firebase.js init
[debug] [2021-11-16T06:38:02.488Z] CLI Version:   9.22.0
[debug] [2021-11-16T06:38:02.488Z] Platform:      win32
[debug] [2021-11-16T06:38:02.489Z] Node Version:  v16.13.0
[debug] [2021-11-16T06:38:02.532Z] Time:          Tue Nov 16 2021 03:38:02 GMT-0300 (Horário Padrão de Brasília)
[debug] [2021-11-16T06:38:02.532Z] ----------------------------------------------------------------------
[debug] 
[debug] [2021-11-16T06:38:02.627Z] > command requires scopes: ["email","openid","https://www.googleapis.com/auth/cloudplatformprojects.readonly","https://www.googleapis.com/auth/firebase","https://www.googleapis.com/auth/cloud-platform"]
[debug] [2021-11-16T06:38:02.627Z] > authorizing via signed-in user (danixmotaa7x@gmail.com)
[info] 
     ######## #### ########  ######## ########     ###     ######  ########
     ##        ##  ##     ## ##       ##     ##  ##   ##  ##       ##
     ######    ##  ########  ######   ########  #########  ######  ######
     ##        ##  ##    ##  ##       ##     ## ##     ##       ## ##
     ##       #### ##     ## ######## ########  ##     ##  ######  ########

You're about to initialize a Firebase project in this directory:

  C:\xampp\htdocs\Programação Geral\Firebase e React\facebookClone\my-app

Before we get started, keep in mind:

  * You are currently outside your home directory
  * You are initializing within an existing Firebase project directory

